<?xml version="1.0" encoding="UTF-8"?>
<beans xmlns="http://www.springframework.org/schema/beans" xmlns:xsi="http://www.w3.org/2001/XMLSchema-instance"
    xmlns:context="http://www.springframework.org/schema/context"
    xsi:schemaLocation="http://www.springframework.org/schema/beans http://www.springframework.org/schema/beans/spring-beans-3.2.xsd
      http://www.springframework.org/schema/context http://www.springframework.org/schema/context/spring-context-3.2.xsd">

  <context:property-placeholder location="classpath:jdbc-hsql.properties"/>
  <!--<context:property-placeholder location="classpath:jdbc-mysql.properties"/>-->
  <!--<context:property-placeholder location="classpath:jdbc-postgresql.properties"/>-->

  <bean id="dataSource" class="org.springframework.jdbc.datasource.DriverManagerDataSource">
    <property name="driverClassName" value="${jdbc.driver}"/>
    <property name="url" value="${jdbc.url}"/>
    <property name="username" value="${jdbc.username}"/>
    <property name="password" value="${jdbc.password}"/>
  </bean>

  <bean id="sessionFactory" class="org.springframework.orm.hibernate4.LocalSessionFactoryBean">
    <property name="dataSource" ref="dataSource"/>
    <property name="namingStrategy">
      <bean class="org.obiba.magma.datasource.hibernate.cfg.MagmaNamingStrategy"/>
    </property>
    <property name="packagesToScan" value="org.obiba.magma.datasource.hibernate.domain"/>
    <property name="hibernateProperties">
      <props>
        <prop key="hibernate.hbm2ddl.auto">create</prop>
        <prop key="hibernate.cache.use_query_cache">true</prop>
        <prop key="hibernate.cache.use_second_level_cache">true</prop>
        <prop key="hibernate.cache.region.factory_class">org.hibernate.cache.ehcache.EhCacheRegionFactory</prop>
        <prop key="hibernate.dialect_resolvers">org.obiba.magma.datasource.hibernate.cfg.MagmaDialectResolver</prop>
      </props>
    </property>
  </bean>

  <bean id="transactionManager" class="org.springframework.orm.hibernate4.HibernateTransactionManager">
    <property name="sessionFactory" ref="sessionFactory"/>
  </bean>

  <bean id="transactionTemplate" class="org.springframework.transaction.support.TransactionTemplate">
    <constructor-arg ref="transactionManager"/>
  </bean>

</beans>