<!--
  ~ Copyright (c) 2019 OBiBa. All rights reserved.
  ~
  ~ This program and the accompanying materials
  ~ are made available under the terms of the GNU Public License v3.0.
  ~
  ~ You should have received a copy of the GNU General Public License
  ~ along with this program.  If not, see <http://www.gnu.org/licenses/>.
  -->

<beans xmlns="http://www.springframework.org/schema/beans" xmlns:xsi="http://www.w3.org/2001/XMLSchema-instance"
    xsi:schemaLocation="http://www.springframework.org/schema/beans http://www.springframework.org/schema/beans/spring-beans-2.5.xsd"
    default-autowire="no">


  <bean id="dataSource" class="org.apache.commons.dbcp2.BasicDataSource" destroy-method="close">
    <property name="driverClassName" value="org.hsqldb.jdbcDriver"/>
    <property name="url" value="jdbc:hsqldb:mem:JdbcDatasourceTest"/>
    <property name="username" value="sa"/>
    <property name="password" value=""/>
    <property name="defaultAutoCommit" value="true"/>
    <property name="maxTotal" value="-1"/>
  </bean>

  <bean id="transactionManager" class="org.springframework.jdbc.datasource.DataSourceTransactionManager">
    <property name="dataSource" ref="dataSource"/>
  </bean>

<!--
  <bean id="dataSource" class="org.apache.commons.dbcp.BasicDataSource" destroy-method="close">
    <property name="driverClassName" value="com.mysql.jdbc.Driver" />
    <property name="url" value="jdbc:mysql://localhost:3306/datasource_jdbc" />
    <property name="username" value="root" />
    <property name="password" value="1234" />
  </bean>
-->

<!--
  <bean id="dataSource" class="org.apache.commons.dbcp.BasicDataSource" destroy-method="close">
    <property name="driverClassName" value="org.postgresql.Driver" />
    <property name="url" value="jdbc:postgresql://localhost:5432/datasource_jdbc?currentSchema=myschema" />
    <property name="username" value="postgres" />
    <property name="password" value="1234" />
  </bean>
-->

</beans>